-------------------------------------------------------------------------------
Test set: com.microservice.user.ApiGatewayZuulApplicationTests
-------------------------------------------------------------------------------
Tests run: 1, Failures: 0, Errors: 1, Skipped: 0, Time elapsed: 2.039 s <<< FAILURE! - in com.microservice.user.ApiGatewayZuulApplicationTests
contextLoads  Time elapsed: 0.001 s  <<< ERROR!
java.lang.IllegalStateException: Failed to load ApplicationContext
Caused by: org.springframework.beans.factory.UnsatisfiedDependencyException: Error creating bean with name 'controllerServerConfig': Unsatisfied dependency expressed through field 'tokenStore'; nested exception is org.springframework.beans.factory.BeanCreationException: Error creating bean with name 'tokenJwtConfig': Injection of autowired dependencies failed; nested exception is java.lang.IllegalArgumentException: Could not resolve placeholder 'my-secret-key' in value "${my-secret-key}"
Caused by: org.springframework.beans.factory.BeanCreationException: Error creating bean with name 'tokenJwtConfig': Injection of autowired dependencies failed; nested exception is java.lang.IllegalArgumentException: Could not resolve placeholder 'my-secret-key' in value "${my-secret-key}"
Caused by: java.lang.IllegalArgumentException: Could not resolve placeholder 'my-secret-key' in value "${my-secret-key}"

